[2024-07-04T12:24:19.246+0000] {taskinstance.py:1159} INFO - Dependencies all met for dep_context=non-requeueable deps ti=<TaskInstance: reports_workflow.task_validate_submissions scheduled__2024-07-04T12:10:00+00:00 [queued]>
[2024-07-04T12:24:19.264+0000] {taskinstance.py:1159} INFO - Dependencies all met for dep_context=requeueable deps ti=<TaskInstance: reports_workflow.task_validate_submissions scheduled__2024-07-04T12:10:00+00:00 [queued]>
[2024-07-04T12:24:19.265+0000] {taskinstance.py:1361} INFO - Starting attempt 1 of 2
[2024-07-04T12:24:19.313+0000] {taskinstance.py:1382} INFO - Executing <Task(PythonOperator): task_validate_submissions> on 2024-07-04 12:10:00+00:00
[2024-07-04T12:24:19.337+0000] {standard_task_runner.py:57} INFO - Started process 49493 to run task
[2024-07-04T12:24:19.353+0000] {standard_task_runner.py:84} INFO - Running: ['***', 'tasks', 'run', 'reports_workflow', 'task_validate_submissions', 'scheduled__2024-07-04T12:10:00+00:00', '--job-id', '2706', '--raw', '--subdir', 'DAGS_FOLDER/dag_email_robot.py', '--cfg-path', '/tmp/tmpe_skv7fp']
[2024-07-04T12:24:19.408+0000] {standard_task_runner.py:85} INFO - Job 2706: Subtask task_validate_submissions
[2024-07-04T12:24:19.820+0000] {task_command.py:415} INFO - Running <TaskInstance: reports_workflow.task_validate_submissions scheduled__2024-07-04T12:10:00+00:00 [running]> on host 6f4ef5488251
[2024-07-04T12:24:20.180+0000] {taskinstance.py:1660} INFO - Exporting env vars: AIRFLOW_CTX_DAG_OWNER='FIRDAVS' AIRFLOW_CTX_DAG_ID='reports_workflow' AIRFLOW_CTX_TASK_ID='task_validate_submissions' AIRFLOW_CTX_EXECUTION_DATE='2024-07-04T12:10:00+00:00' AIRFLOW_CTX_TRY_NUMBER='1' AIRFLOW_CTX_DAG_RUN_ID='scheduled__2024-07-04T12:10:00+00:00'
[2024-07-04T12:24:20.184+0000] {taskinstance.py:1943} ERROR - Task failed with exception
Traceback (most recent call last):
  File "/home/airflow/.local/lib/python3.8/site-packages/airflow/operators/python.py", line 192, in execute
    return_value = self.execute_callable()
  File "/home/airflow/.local/lib/python3.8/site-packages/airflow/operators/python.py", line 209, in execute_callable
    return self.python_callable(*self.op_args, **self.op_kwargs)
  File "/opt/airflow/dags/dag_email_robot.py", line 49, in validate_submissions
    get_hello()
  File "/opt/airflow/dags/validation_reports.py", line 17, in get_hello
    path = Path(__file__).parent.parent
NameError: name 'Path' is not defined
[2024-07-04T12:24:20.720+0000] {taskinstance.py:1400} INFO - Marking task as UP_FOR_RETRY. dag_id=reports_workflow, task_id=task_validate_submissions, execution_date=20240704T121000, start_date=20240704T122419, end_date=20240704T122420
[2024-07-04T12:24:20.734+0000] {standard_task_runner.py:104} ERROR - Failed to execute job 2706 for task task_validate_submissions (name 'Path' is not defined; 49493)
[2024-07-04T12:24:20.746+0000] {local_task_job_runner.py:228} INFO - Task exited with return code 1
[2024-07-04T12:24:20.929+0000] {taskinstance.py:2784} INFO - 0 downstream tasks scheduled from follow-on schedule check
[2024-07-04T12:26:14.040+0000] {taskinstance.py:1159} INFO - Dependencies all met for dep_context=non-requeueable deps ti=<TaskInstance: reports_workflow.task_validate_submissions scheduled__2024-07-04T12:10:00+00:00 [queued]>
[2024-07-04T12:26:14.085+0000] {taskinstance.py:1159} INFO - Dependencies all met for dep_context=requeueable deps ti=<TaskInstance: reports_workflow.task_validate_submissions scheduled__2024-07-04T12:10:00+00:00 [queued]>
[2024-07-04T12:26:14.086+0000] {taskinstance.py:1361} INFO - Starting attempt 1 of 2
[2024-07-04T12:26:14.130+0000] {taskinstance.py:1382} INFO - Executing <Task(PythonOperator): task_validate_submissions> on 2024-07-04 12:10:00+00:00
[2024-07-04T12:26:14.144+0000] {standard_task_runner.py:57} INFO - Started process 49642 to run task
[2024-07-04T12:26:14.178+0000] {standard_task_runner.py:84} INFO - Running: ['***', 'tasks', 'run', 'reports_workflow', 'task_validate_submissions', 'scheduled__2024-07-04T12:10:00+00:00', '--job-id', '2744', '--raw', '--subdir', 'DAGS_FOLDER/dag_email_robot.py', '--cfg-path', '/tmp/tmp_7f9vdgc']
[2024-07-04T12:26:14.195+0000] {standard_task_runner.py:85} INFO - Job 2744: Subtask task_validate_submissions
[2024-07-04T12:26:14.334+0000] {task_command.py:415} INFO - Running <TaskInstance: reports_workflow.task_validate_submissions scheduled__2024-07-04T12:10:00+00:00 [running]> on host 6f4ef5488251
[2024-07-04T12:26:14.609+0000] {taskinstance.py:1660} INFO - Exporting env vars: AIRFLOW_CTX_DAG_OWNER='FIRDAVS' AIRFLOW_CTX_DAG_ID='reports_workflow' AIRFLOW_CTX_TASK_ID='task_validate_submissions' AIRFLOW_CTX_EXECUTION_DATE='2024-07-04T12:10:00+00:00' AIRFLOW_CTX_TRY_NUMBER='1' AIRFLOW_CTX_DAG_RUN_ID='scheduled__2024-07-04T12:10:00+00:00'
[2024-07-04T12:26:14.612+0000] {taskinstance.py:1943} ERROR - Task failed with exception
Traceback (most recent call last):
  File "/home/airflow/.local/lib/python3.8/site-packages/airflow/operators/python.py", line 192, in execute
    return_value = self.execute_callable()
  File "/home/airflow/.local/lib/python3.8/site-packages/airflow/operators/python.py", line 209, in execute_callable
    return self.python_callable(*self.op_args, **self.op_kwargs)
  File "/opt/airflow/dags/dag_email_robot.py", line 49, in validate_submissions
    get_hello()
  File "/opt/airflow/dags/validation_reports.py", line 17, in get_hello
    path = Path(__file__).parent.parent
NameError: name 'Path' is not defined
[2024-07-04T12:26:14.623+0000] {taskinstance.py:1400} INFO - Marking task as UP_FOR_RETRY. dag_id=reports_workflow, task_id=task_validate_submissions, execution_date=20240704T121000, start_date=20240704T122614, end_date=20240704T122614
[2024-07-04T12:26:14.656+0000] {standard_task_runner.py:104} ERROR - Failed to execute job 2744 for task task_validate_submissions (name 'Path' is not defined; 49642)
[2024-07-04T12:26:14.702+0000] {local_task_job_runner.py:228} INFO - Task exited with return code 1
[2024-07-04T12:26:14.736+0000] {taskinstance.py:2784} INFO - 0 downstream tasks scheduled from follow-on schedule check
