[2024-07-04T12:24:20.736+0000] {taskinstance.py:1159} INFO - Dependencies all met for dep_context=non-requeueable deps ti=<TaskInstance: reports_workflow.task_validate_submissions scheduled__2024-07-04T12:00:00+00:00 [queued]>
[2024-07-04T12:24:20.747+0000] {taskinstance.py:1159} INFO - Dependencies all met for dep_context=requeueable deps ti=<TaskInstance: reports_workflow.task_validate_submissions scheduled__2024-07-04T12:00:00+00:00 [queued]>
[2024-07-04T12:24:20.747+0000] {taskinstance.py:1361} INFO - Starting attempt 1 of 2
[2024-07-04T12:24:20.772+0000] {taskinstance.py:1382} INFO - Executing <Task(PythonOperator): task_validate_submissions> on 2024-07-04 12:00:00+00:00
[2024-07-04T12:24:20.780+0000] {standard_task_runner.py:57} INFO - Started process 49503 to run task
[2024-07-04T12:24:20.784+0000] {standard_task_runner.py:84} INFO - Running: ['***', 'tasks', 'run', 'reports_workflow', 'task_validate_submissions', 'scheduled__2024-07-04T12:00:00+00:00', '--job-id', '2713', '--raw', '--subdir', 'DAGS_FOLDER/dag_email_robot.py', '--cfg-path', '/tmp/tmp2v451a3e']
[2024-07-04T12:24:20.787+0000] {standard_task_runner.py:85} INFO - Job 2713: Subtask task_validate_submissions
[2024-07-04T12:24:20.962+0000] {task_command.py:415} INFO - Running <TaskInstance: reports_workflow.task_validate_submissions scheduled__2024-07-04T12:00:00+00:00 [running]> on host 6f4ef5488251
[2024-07-04T12:24:21.126+0000] {taskinstance.py:1660} INFO - Exporting env vars: AIRFLOW_CTX_DAG_OWNER='FIRDAVS' AIRFLOW_CTX_DAG_ID='reports_workflow' AIRFLOW_CTX_TASK_ID='task_validate_submissions' AIRFLOW_CTX_EXECUTION_DATE='2024-07-04T12:00:00+00:00' AIRFLOW_CTX_TRY_NUMBER='1' AIRFLOW_CTX_DAG_RUN_ID='scheduled__2024-07-04T12:00:00+00:00'
[2024-07-04T12:24:21.127+0000] {taskinstance.py:1943} ERROR - Task failed with exception
Traceback (most recent call last):
  File "/home/airflow/.local/lib/python3.8/site-packages/airflow/operators/python.py", line 192, in execute
    return_value = self.execute_callable()
  File "/home/airflow/.local/lib/python3.8/site-packages/airflow/operators/python.py", line 209, in execute_callable
    return self.python_callable(*self.op_args, **self.op_kwargs)
  File "/opt/airflow/dags/dag_email_robot.py", line 49, in validate_submissions
    get_hello()
  File "/opt/airflow/dags/validation_reports.py", line 17, in get_hello
    path = Path(__file__).parent.parent
NameError: name 'Path' is not defined
[2024-07-04T12:24:21.134+0000] {taskinstance.py:1400} INFO - Marking task as UP_FOR_RETRY. dag_id=reports_workflow, task_id=task_validate_submissions, execution_date=20240704T120000, start_date=20240704T122420, end_date=20240704T122421
[2024-07-04T12:24:21.148+0000] {standard_task_runner.py:104} ERROR - Failed to execute job 2713 for task task_validate_submissions (name 'Path' is not defined; 49503)
[2024-07-04T12:24:21.168+0000] {local_task_job_runner.py:228} INFO - Task exited with return code 1
[2024-07-04T12:24:21.188+0000] {taskinstance.py:2784} INFO - 0 downstream tasks scheduled from follow-on schedule check
[2024-07-04T12:26:09.263+0000] {taskinstance.py:1159} INFO - Dependencies all met for dep_context=non-requeueable deps ti=<TaskInstance: reports_workflow.task_validate_submissions scheduled__2024-07-04T12:00:00+00:00 [queued]>
[2024-07-04T12:26:09.298+0000] {taskinstance.py:1159} INFO - Dependencies all met for dep_context=requeueable deps ti=<TaskInstance: reports_workflow.task_validate_submissions scheduled__2024-07-04T12:00:00+00:00 [queued]>
[2024-07-04T12:26:09.298+0000] {taskinstance.py:1361} INFO - Starting attempt 1 of 2
[2024-07-04T12:26:09.338+0000] {taskinstance.py:1382} INFO - Executing <Task(PythonOperator): task_validate_submissions> on 2024-07-04 12:00:00+00:00
[2024-07-04T12:26:09.348+0000] {standard_task_runner.py:57} INFO - Started process 49608 to run task
[2024-07-04T12:26:09.369+0000] {standard_task_runner.py:84} INFO - Running: ['***', 'tasks', 'run', 'reports_workflow', 'task_validate_submissions', 'scheduled__2024-07-04T12:00:00+00:00', '--job-id', '2736', '--raw', '--subdir', 'DAGS_FOLDER/dag_email_robot.py', '--cfg-path', '/tmp/tmptjbkqkto']
[2024-07-04T12:26:09.394+0000] {standard_task_runner.py:85} INFO - Job 2736: Subtask task_validate_submissions
[2024-07-04T12:26:09.552+0000] {task_command.py:415} INFO - Running <TaskInstance: reports_workflow.task_validate_submissions scheduled__2024-07-04T12:00:00+00:00 [running]> on host 6f4ef5488251
[2024-07-04T12:26:09.819+0000] {taskinstance.py:1660} INFO - Exporting env vars: AIRFLOW_CTX_DAG_OWNER='FIRDAVS' AIRFLOW_CTX_DAG_ID='reports_workflow' AIRFLOW_CTX_TASK_ID='task_validate_submissions' AIRFLOW_CTX_EXECUTION_DATE='2024-07-04T12:00:00+00:00' AIRFLOW_CTX_TRY_NUMBER='1' AIRFLOW_CTX_DAG_RUN_ID='scheduled__2024-07-04T12:00:00+00:00'
[2024-07-04T12:26:09.820+0000] {taskinstance.py:1943} ERROR - Task failed with exception
Traceback (most recent call last):
  File "/home/airflow/.local/lib/python3.8/site-packages/airflow/operators/python.py", line 192, in execute
    return_value = self.execute_callable()
  File "/home/airflow/.local/lib/python3.8/site-packages/airflow/operators/python.py", line 209, in execute_callable
    return self.python_callable(*self.op_args, **self.op_kwargs)
  File "/opt/airflow/dags/dag_email_robot.py", line 49, in validate_submissions
    get_hello()
  File "/opt/airflow/dags/validation_reports.py", line 17, in get_hello
    path = Path(__file__).parent.parent
NameError: name 'Path' is not defined
[2024-07-04T12:26:09.839+0000] {taskinstance.py:1400} INFO - Marking task as UP_FOR_RETRY. dag_id=reports_workflow, task_id=task_validate_submissions, execution_date=20240704T120000, start_date=20240704T122609, end_date=20240704T122609
[2024-07-04T12:26:09.860+0000] {standard_task_runner.py:104} ERROR - Failed to execute job 2736 for task task_validate_submissions (name 'Path' is not defined; 49608)
[2024-07-04T12:26:09.916+0000] {local_task_job_runner.py:228} INFO - Task exited with return code 1
[2024-07-04T12:26:09.979+0000] {taskinstance.py:2784} INFO - 0 downstream tasks scheduled from follow-on schedule check
