[2024-07-04T12:24:19.424+0000] {taskinstance.py:1159} INFO - Dependencies all met for dep_context=non-requeueable deps ti=<TaskInstance: reports_workflow.task_validate_submissions scheduled__2024-07-04T11:55:00+00:00 [queued]>
[2024-07-04T12:24:19.481+0000] {taskinstance.py:1159} INFO - Dependencies all met for dep_context=requeueable deps ti=<TaskInstance: reports_workflow.task_validate_submissions scheduled__2024-07-04T11:55:00+00:00 [queued]>
[2024-07-04T12:24:19.482+0000] {taskinstance.py:1361} INFO - Starting attempt 1 of 2
[2024-07-04T12:24:19.596+0000] {taskinstance.py:1382} INFO - Executing <Task(PythonOperator): task_validate_submissions> on 2024-07-04 11:55:00+00:00
[2024-07-04T12:24:19.628+0000] {standard_task_runner.py:57} INFO - Started process 49499 to run task
[2024-07-04T12:24:19.638+0000] {standard_task_runner.py:84} INFO - Running: ['***', 'tasks', 'run', 'reports_workflow', 'task_validate_submissions', 'scheduled__2024-07-04T11:55:00+00:00', '--job-id', '2708', '--raw', '--subdir', 'DAGS_FOLDER/dag_email_robot.py', '--cfg-path', '/tmp/tmpgmgthhfb']
[2024-07-04T12:24:19.641+0000] {standard_task_runner.py:85} INFO - Job 2708: Subtask task_validate_submissions
[2024-07-04T12:24:19.941+0000] {task_command.py:415} INFO - Running <TaskInstance: reports_workflow.task_validate_submissions scheduled__2024-07-04T11:55:00+00:00 [running]> on host 6f4ef5488251
[2024-07-04T12:24:20.478+0000] {taskinstance.py:1660} INFO - Exporting env vars: AIRFLOW_CTX_DAG_OWNER='FIRDAVS' AIRFLOW_CTX_DAG_ID='reports_workflow' AIRFLOW_CTX_TASK_ID='task_validate_submissions' AIRFLOW_CTX_EXECUTION_DATE='2024-07-04T11:55:00+00:00' AIRFLOW_CTX_TRY_NUMBER='1' AIRFLOW_CTX_DAG_RUN_ID='scheduled__2024-07-04T11:55:00+00:00'
[2024-07-04T12:24:20.480+0000] {taskinstance.py:1943} ERROR - Task failed with exception
Traceback (most recent call last):
  File "/home/airflow/.local/lib/python3.8/site-packages/airflow/operators/python.py", line 192, in execute
    return_value = self.execute_callable()
  File "/home/airflow/.local/lib/python3.8/site-packages/airflow/operators/python.py", line 209, in execute_callable
    return self.python_callable(*self.op_args, **self.op_kwargs)
  File "/opt/airflow/dags/dag_email_robot.py", line 49, in validate_submissions
    get_hello()
  File "/opt/airflow/dags/validation_reports.py", line 17, in get_hello
    path = Path(__file__).parent.parent
NameError: name 'Path' is not defined
[2024-07-04T12:24:20.723+0000] {taskinstance.py:1400} INFO - Marking task as UP_FOR_RETRY. dag_id=reports_workflow, task_id=task_validate_submissions, execution_date=20240704T115500, start_date=20240704T122419, end_date=20240704T122420
[2024-07-04T12:24:20.752+0000] {standard_task_runner.py:104} ERROR - Failed to execute job 2708 for task task_validate_submissions (name 'Path' is not defined; 49499)
[2024-07-04T12:24:20.797+0000] {local_task_job_runner.py:228} INFO - Task exited with return code 1
[2024-07-04T12:24:20.956+0000] {taskinstance.py:2784} INFO - 0 downstream tasks scheduled from follow-on schedule check
[2024-07-04T12:26:08.521+0000] {taskinstance.py:1159} INFO - Dependencies all met for dep_context=non-requeueable deps ti=<TaskInstance: reports_workflow.task_validate_submissions scheduled__2024-07-04T11:55:00+00:00 [queued]>
[2024-07-04T12:26:08.549+0000] {taskinstance.py:1159} INFO - Dependencies all met for dep_context=requeueable deps ti=<TaskInstance: reports_workflow.task_validate_submissions scheduled__2024-07-04T11:55:00+00:00 [queued]>
[2024-07-04T12:26:08.549+0000] {taskinstance.py:1361} INFO - Starting attempt 1 of 2
[2024-07-04T12:26:08.594+0000] {taskinstance.py:1382} INFO - Executing <Task(PythonOperator): task_validate_submissions> on 2024-07-04 11:55:00+00:00
[2024-07-04T12:26:08.619+0000] {standard_task_runner.py:57} INFO - Started process 49600 to run task
[2024-07-04T12:26:08.644+0000] {standard_task_runner.py:84} INFO - Running: ['***', 'tasks', 'run', 'reports_workflow', 'task_validate_submissions', 'scheduled__2024-07-04T11:55:00+00:00', '--job-id', '2731', '--raw', '--subdir', 'DAGS_FOLDER/dag_email_robot.py', '--cfg-path', '/tmp/tmp6674cua9']
[2024-07-04T12:26:08.648+0000] {standard_task_runner.py:85} INFO - Job 2731: Subtask task_validate_submissions
[2024-07-04T12:26:08.815+0000] {task_command.py:415} INFO - Running <TaskInstance: reports_workflow.task_validate_submissions scheduled__2024-07-04T11:55:00+00:00 [running]> on host 6f4ef5488251
[2024-07-04T12:26:09.029+0000] {taskinstance.py:1660} INFO - Exporting env vars: AIRFLOW_CTX_DAG_OWNER='FIRDAVS' AIRFLOW_CTX_DAG_ID='reports_workflow' AIRFLOW_CTX_TASK_ID='task_validate_submissions' AIRFLOW_CTX_EXECUTION_DATE='2024-07-04T11:55:00+00:00' AIRFLOW_CTX_TRY_NUMBER='1' AIRFLOW_CTX_DAG_RUN_ID='scheduled__2024-07-04T11:55:00+00:00'
[2024-07-04T12:26:09.031+0000] {taskinstance.py:1943} ERROR - Task failed with exception
Traceback (most recent call last):
  File "/home/airflow/.local/lib/python3.8/site-packages/airflow/operators/python.py", line 192, in execute
    return_value = self.execute_callable()
  File "/home/airflow/.local/lib/python3.8/site-packages/airflow/operators/python.py", line 209, in execute_callable
    return self.python_callable(*self.op_args, **self.op_kwargs)
  File "/opt/airflow/dags/dag_email_robot.py", line 49, in validate_submissions
    get_hello()
  File "/opt/airflow/dags/validation_reports.py", line 17, in get_hello
    path = Path(__file__).parent.parent
NameError: name 'Path' is not defined
[2024-07-04T12:26:09.064+0000] {taskinstance.py:1400} INFO - Marking task as UP_FOR_RETRY. dag_id=reports_workflow, task_id=task_validate_submissions, execution_date=20240704T115500, start_date=20240704T122608, end_date=20240704T122609
[2024-07-04T12:26:09.084+0000] {standard_task_runner.py:104} ERROR - Failed to execute job 2731 for task task_validate_submissions (name 'Path' is not defined; 49600)
[2024-07-04T12:26:09.137+0000] {local_task_job_runner.py:228} INFO - Task exited with return code 1
[2024-07-04T12:26:09.175+0000] {taskinstance.py:2784} INFO - 0 downstream tasks scheduled from follow-on schedule check
