[2024-07-23T10:50:04.063+0000] {taskinstance.py:1159} INFO - Dependencies all met for dep_context=non-requeueable deps ti=<TaskInstance: reports_workflow.task_validate_submissions scheduled__2024-07-23T10:40:00+00:00 [queued]>
[2024-07-23T10:50:04.072+0000] {taskinstance.py:1159} INFO - Dependencies all met for dep_context=requeueable deps ti=<TaskInstance: reports_workflow.task_validate_submissions scheduled__2024-07-23T10:40:00+00:00 [queued]>
[2024-07-23T10:50:04.072+0000] {taskinstance.py:1361} INFO - Starting attempt 2 of 2
[2024-07-23T10:50:04.084+0000] {taskinstance.py:1382} INFO - Executing <Task(PythonOperator): task_validate_submissions> on 2024-07-23 10:40:00+00:00
[2024-07-23T10:50:04.090+0000] {standard_task_runner.py:57} INFO - Started process 85791 to run task
[2024-07-23T10:50:04.097+0000] {standard_task_runner.py:84} INFO - Running: ['***', 'tasks', 'run', 'reports_workflow', 'task_validate_submissions', 'scheduled__2024-07-23T10:40:00+00:00', '--job-id', '7242', '--raw', '--subdir', 'DAGS_FOLDER/dag_email_robot.py', '--cfg-path', '/tmp/tmpd372lplj']
[2024-07-23T10:50:04.101+0000] {standard_task_runner.py:85} INFO - Job 7242: Subtask task_validate_submissions
[2024-07-23T10:50:04.275+0000] {task_command.py:415} INFO - Running <TaskInstance: reports_workflow.task_validate_submissions scheduled__2024-07-23T10:40:00+00:00 [running]> on host 6f4ef5488251
[2024-07-23T10:50:04.487+0000] {taskinstance.py:1660} INFO - Exporting env vars: AIRFLOW_CTX_DAG_OWNER='FIRDAVS' AIRFLOW_CTX_DAG_ID='reports_workflow' AIRFLOW_CTX_TASK_ID='task_validate_submissions' AIRFLOW_CTX_EXECUTION_DATE='2024-07-23T10:40:00+00:00' AIRFLOW_CTX_TRY_NUMBER='2' AIRFLOW_CTX_DAG_RUN_ID='scheduled__2024-07-23T10:40:00+00:00'
[2024-07-23T10:50:04.490+0000] {logging_mixin.py:151} INFO - path of config file:  /opt/***/dags
[2024-07-23T10:50:04.490+0000] {taskinstance.py:1943} ERROR - Task failed with exception
Traceback (most recent call last):
  File "/home/airflow/.local/lib/python3.8/site-packages/airflow/operators/python.py", line 192, in execute
    return_value = self.execute_callable()
  File "/home/airflow/.local/lib/python3.8/site-packages/airflow/operators/python.py", line 209, in execute_callable
    return self.python_callable(*self.op_args, **self.op_kwargs)
  File "/opt/airflow/dags/dag_email_robot.py", line 50, in validate_submissions
    get_hello()
  File "/opt/airflow/dags/library/validation_reports.py", line 21, in get_hello
    conf = json.load (open(path / ("config/email_conf.json")))
FileNotFoundError: [Errno 2] No such file or directory: '/opt/airflow/dags/config/email_conf.json'
[2024-07-23T10:50:04.499+0000] {taskinstance.py:1400} INFO - Marking task as FAILED. dag_id=reports_workflow, task_id=task_validate_submissions, execution_date=20240723T104000, start_date=20240723T105004, end_date=20240723T105004
[2024-07-23T10:50:04.746+0000] {standard_task_runner.py:104} ERROR - Failed to execute job 7242 for task task_validate_submissions ([Errno 2] No such file or directory: '/opt/airflow/dags/config/email_conf.json'; 85791)
[2024-07-23T10:50:04.787+0000] {local_task_job_runner.py:228} INFO - Task exited with return code 1
[2024-07-23T10:50:04.821+0000] {taskinstance.py:2784} INFO - 0 downstream tasks scheduled from follow-on schedule check
