[2024-07-04T12:24:14.208+0000] {taskinstance.py:1159} INFO - Dependencies all met for dep_context=non-requeueable deps ti=<TaskInstance: reports_workflow.task_validate_submissions scheduled__2024-07-04T11:50:00+00:00 [queued]>
[2024-07-04T12:24:14.216+0000] {taskinstance.py:1159} INFO - Dependencies all met for dep_context=requeueable deps ti=<TaskInstance: reports_workflow.task_validate_submissions scheduled__2024-07-04T11:50:00+00:00 [queued]>
[2024-07-04T12:24:14.216+0000] {taskinstance.py:1361} INFO - Starting attempt 1 of 2
[2024-07-04T12:24:14.226+0000] {taskinstance.py:1382} INFO - Executing <Task(PythonOperator): task_validate_submissions> on 2024-07-04 11:50:00+00:00
[2024-07-04T12:24:14.248+0000] {standard_task_runner.py:57} INFO - Started process 49461 to run task
[2024-07-04T12:24:14.252+0000] {standard_task_runner.py:84} INFO - Running: ['***', 'tasks', 'run', 'reports_workflow', 'task_validate_submissions', 'scheduled__2024-07-04T11:50:00+00:00', '--job-id', '2697', '--raw', '--subdir', 'DAGS_FOLDER/dag_email_robot.py', '--cfg-path', '/tmp/tmpuvn1o_s4']
[2024-07-04T12:24:14.258+0000] {standard_task_runner.py:85} INFO - Job 2697: Subtask task_validate_submissions
[2024-07-04T12:24:14.324+0000] {task_command.py:415} INFO - Running <TaskInstance: reports_workflow.task_validate_submissions scheduled__2024-07-04T11:50:00+00:00 [running]> on host 6f4ef5488251
[2024-07-04T12:24:14.394+0000] {taskinstance.py:1660} INFO - Exporting env vars: AIRFLOW_CTX_DAG_OWNER='FIRDAVS' AIRFLOW_CTX_DAG_ID='reports_workflow' AIRFLOW_CTX_TASK_ID='task_validate_submissions' AIRFLOW_CTX_EXECUTION_DATE='2024-07-04T11:50:00+00:00' AIRFLOW_CTX_TRY_NUMBER='1' AIRFLOW_CTX_DAG_RUN_ID='scheduled__2024-07-04T11:50:00+00:00'
[2024-07-04T12:24:14.396+0000] {taskinstance.py:1943} ERROR - Task failed with exception
Traceback (most recent call last):
  File "/home/airflow/.local/lib/python3.8/site-packages/airflow/operators/python.py", line 192, in execute
    return_value = self.execute_callable()
  File "/home/airflow/.local/lib/python3.8/site-packages/airflow/operators/python.py", line 209, in execute_callable
    return self.python_callable(*self.op_args, **self.op_kwargs)
  File "/opt/airflow/dags/dag_email_robot.py", line 49, in validate_submissions
    get_hello()
  File "/opt/airflow/dags/validation_reports.py", line 17, in get_hello
    path = Path(__file__).parent.parent
NameError: name 'Path' is not defined
[2024-07-04T12:24:14.406+0000] {taskinstance.py:1400} INFO - Marking task as UP_FOR_RETRY. dag_id=reports_workflow, task_id=task_validate_submissions, execution_date=20240704T115000, start_date=20240704T122414, end_date=20240704T122414
[2024-07-04T12:24:14.424+0000] {standard_task_runner.py:104} ERROR - Failed to execute job 2697 for task task_validate_submissions (name 'Path' is not defined; 49461)
[2024-07-04T12:24:14.466+0000] {local_task_job_runner.py:228} INFO - Task exited with return code 1
[2024-07-04T12:24:14.492+0000] {taskinstance.py:2784} INFO - 0 downstream tasks scheduled from follow-on schedule check
[2024-07-04T12:26:08.014+0000] {taskinstance.py:1159} INFO - Dependencies all met for dep_context=non-requeueable deps ti=<TaskInstance: reports_workflow.task_validate_submissions scheduled__2024-07-04T11:50:00+00:00 [queued]>
[2024-07-04T12:26:08.052+0000] {taskinstance.py:1159} INFO - Dependencies all met for dep_context=requeueable deps ti=<TaskInstance: reports_workflow.task_validate_submissions scheduled__2024-07-04T11:50:00+00:00 [queued]>
[2024-07-04T12:26:08.055+0000] {taskinstance.py:1361} INFO - Starting attempt 1 of 2
[2024-07-04T12:26:08.114+0000] {taskinstance.py:1382} INFO - Executing <Task(PythonOperator): task_validate_submissions> on 2024-07-04 11:50:00+00:00
[2024-07-04T12:26:08.124+0000] {standard_task_runner.py:57} INFO - Started process 49598 to run task
[2024-07-04T12:26:08.162+0000] {standard_task_runner.py:84} INFO - Running: ['***', 'tasks', 'run', 'reports_workflow', 'task_validate_submissions', 'scheduled__2024-07-04T11:50:00+00:00', '--job-id', '2730', '--raw', '--subdir', 'DAGS_FOLDER/dag_email_robot.py', '--cfg-path', '/tmp/tmpr_d_mbe_']
[2024-07-04T12:26:08.165+0000] {standard_task_runner.py:85} INFO - Job 2730: Subtask task_validate_submissions
[2024-07-04T12:26:08.387+0000] {task_command.py:415} INFO - Running <TaskInstance: reports_workflow.task_validate_submissions scheduled__2024-07-04T11:50:00+00:00 [running]> on host 6f4ef5488251
[2024-07-04T12:26:08.674+0000] {taskinstance.py:1660} INFO - Exporting env vars: AIRFLOW_CTX_DAG_OWNER='FIRDAVS' AIRFLOW_CTX_DAG_ID='reports_workflow' AIRFLOW_CTX_TASK_ID='task_validate_submissions' AIRFLOW_CTX_EXECUTION_DATE='2024-07-04T11:50:00+00:00' AIRFLOW_CTX_TRY_NUMBER='1' AIRFLOW_CTX_DAG_RUN_ID='scheduled__2024-07-04T11:50:00+00:00'
[2024-07-04T12:26:08.675+0000] {taskinstance.py:1943} ERROR - Task failed with exception
Traceback (most recent call last):
  File "/home/airflow/.local/lib/python3.8/site-packages/airflow/operators/python.py", line 192, in execute
    return_value = self.execute_callable()
  File "/home/airflow/.local/lib/python3.8/site-packages/airflow/operators/python.py", line 209, in execute_callable
    return self.python_callable(*self.op_args, **self.op_kwargs)
  File "/opt/airflow/dags/dag_email_robot.py", line 49, in validate_submissions
    get_hello()
  File "/opt/airflow/dags/validation_reports.py", line 17, in get_hello
    path = Path(__file__).parent.parent
NameError: name 'Path' is not defined
[2024-07-04T12:26:08.700+0000] {taskinstance.py:1400} INFO - Marking task as UP_FOR_RETRY. dag_id=reports_workflow, task_id=task_validate_submissions, execution_date=20240704T115000, start_date=20240704T122608, end_date=20240704T122608
[2024-07-04T12:26:08.752+0000] {standard_task_runner.py:104} ERROR - Failed to execute job 2730 for task task_validate_submissions (name 'Path' is not defined; 49598)
[2024-07-04T12:26:08.818+0000] {local_task_job_runner.py:228} INFO - Task exited with return code 1
[2024-07-04T12:26:08.863+0000] {taskinstance.py:2784} INFO - 0 downstream tasks scheduled from follow-on schedule check
