[2024-07-04T12:24:13.994+0000] {taskinstance.py:1159} INFO - Dependencies all met for dep_context=non-requeueable deps ti=<TaskInstance: reports_workflow.task_validate_submissions scheduled__2024-07-04T11:40:00+00:00 [queued]>
[2024-07-04T12:24:14.006+0000] {taskinstance.py:1159} INFO - Dependencies all met for dep_context=requeueable deps ti=<TaskInstance: reports_workflow.task_validate_submissions scheduled__2024-07-04T11:40:00+00:00 [queued]>
[2024-07-04T12:24:14.006+0000] {taskinstance.py:1361} INFO - Starting attempt 1 of 2
[2024-07-04T12:24:14.035+0000] {taskinstance.py:1382} INFO - Executing <Task(PythonOperator): task_validate_submissions> on 2024-07-04 11:40:00+00:00
[2024-07-04T12:24:14.043+0000] {standard_task_runner.py:57} INFO - Started process 49459 to run task
[2024-07-04T12:24:14.056+0000] {standard_task_runner.py:84} INFO - Running: ['***', 'tasks', 'run', 'reports_workflow', 'task_validate_submissions', 'scheduled__2024-07-04T11:40:00+00:00', '--job-id', '2695', '--raw', '--subdir', 'DAGS_FOLDER/dag_email_robot.py', '--cfg-path', '/tmp/tmpuwxiqvpv']
[2024-07-04T12:24:14.060+0000] {standard_task_runner.py:85} INFO - Job 2695: Subtask task_validate_submissions
[2024-07-04T12:24:14.178+0000] {task_command.py:415} INFO - Running <TaskInstance: reports_workflow.task_validate_submissions scheduled__2024-07-04T11:40:00+00:00 [running]> on host 6f4ef5488251
[2024-07-04T12:24:14.268+0000] {taskinstance.py:1660} INFO - Exporting env vars: AIRFLOW_CTX_DAG_OWNER='FIRDAVS' AIRFLOW_CTX_DAG_ID='reports_workflow' AIRFLOW_CTX_TASK_ID='task_validate_submissions' AIRFLOW_CTX_EXECUTION_DATE='2024-07-04T11:40:00+00:00' AIRFLOW_CTX_TRY_NUMBER='1' AIRFLOW_CTX_DAG_RUN_ID='scheduled__2024-07-04T11:40:00+00:00'
[2024-07-04T12:24:14.269+0000] {taskinstance.py:1943} ERROR - Task failed with exception
Traceback (most recent call last):
  File "/home/airflow/.local/lib/python3.8/site-packages/airflow/operators/python.py", line 192, in execute
    return_value = self.execute_callable()
  File "/home/airflow/.local/lib/python3.8/site-packages/airflow/operators/python.py", line 209, in execute_callable
    return self.python_callable(*self.op_args, **self.op_kwargs)
  File "/opt/airflow/dags/dag_email_robot.py", line 49, in validate_submissions
    get_hello()
  File "/opt/airflow/dags/validation_reports.py", line 17, in get_hello
    path = Path(__file__).parent.parent
NameError: name 'Path' is not defined
[2024-07-04T12:24:14.282+0000] {taskinstance.py:1400} INFO - Marking task as UP_FOR_RETRY. dag_id=reports_workflow, task_id=task_validate_submissions, execution_date=20240704T114000, start_date=20240704T122413, end_date=20240704T122414
[2024-07-04T12:24:14.292+0000] {standard_task_runner.py:104} ERROR - Failed to execute job 2695 for task task_validate_submissions (name 'Path' is not defined; 49459)
[2024-07-04T12:24:14.308+0000] {local_task_job_runner.py:228} INFO - Task exited with return code 1
[2024-07-04T12:24:14.326+0000] {taskinstance.py:2784} INFO - 0 downstream tasks scheduled from follow-on schedule check
[2024-07-04T12:26:06.690+0000] {taskinstance.py:1159} INFO - Dependencies all met for dep_context=non-requeueable deps ti=<TaskInstance: reports_workflow.task_validate_submissions scheduled__2024-07-04T11:40:00+00:00 [queued]>
[2024-07-04T12:26:06.742+0000] {taskinstance.py:1159} INFO - Dependencies all met for dep_context=requeueable deps ti=<TaskInstance: reports_workflow.task_validate_submissions scheduled__2024-07-04T11:40:00+00:00 [queued]>
[2024-07-04T12:26:06.745+0000] {taskinstance.py:1361} INFO - Starting attempt 1 of 2
[2024-07-04T12:26:06.812+0000] {taskinstance.py:1382} INFO - Executing <Task(PythonOperator): task_validate_submissions> on 2024-07-04 11:40:00+00:00
[2024-07-04T12:26:06.821+0000] {standard_task_runner.py:57} INFO - Started process 49589 to run task
[2024-07-04T12:26:06.847+0000] {standard_task_runner.py:84} INFO - Running: ['***', 'tasks', 'run', 'reports_workflow', 'task_validate_submissions', 'scheduled__2024-07-04T11:40:00+00:00', '--job-id', '2726', '--raw', '--subdir', 'DAGS_FOLDER/dag_email_robot.py', '--cfg-path', '/tmp/tmp9k5809sb']
[2024-07-04T12:26:06.854+0000] {standard_task_runner.py:85} INFO - Job 2726: Subtask task_validate_submissions
[2024-07-04T12:26:06.985+0000] {task_command.py:415} INFO - Running <TaskInstance: reports_workflow.task_validate_submissions scheduled__2024-07-04T11:40:00+00:00 [running]> on host 6f4ef5488251
[2024-07-04T12:26:07.138+0000] {taskinstance.py:1660} INFO - Exporting env vars: AIRFLOW_CTX_DAG_OWNER='FIRDAVS' AIRFLOW_CTX_DAG_ID='reports_workflow' AIRFLOW_CTX_TASK_ID='task_validate_submissions' AIRFLOW_CTX_EXECUTION_DATE='2024-07-04T11:40:00+00:00' AIRFLOW_CTX_TRY_NUMBER='1' AIRFLOW_CTX_DAG_RUN_ID='scheduled__2024-07-04T11:40:00+00:00'
[2024-07-04T12:26:07.140+0000] {taskinstance.py:1943} ERROR - Task failed with exception
Traceback (most recent call last):
  File "/home/airflow/.local/lib/python3.8/site-packages/airflow/operators/python.py", line 192, in execute
    return_value = self.execute_callable()
  File "/home/airflow/.local/lib/python3.8/site-packages/airflow/operators/python.py", line 209, in execute_callable
    return self.python_callable(*self.op_args, **self.op_kwargs)
  File "/opt/airflow/dags/dag_email_robot.py", line 49, in validate_submissions
    get_hello()
  File "/opt/airflow/dags/validation_reports.py", line 17, in get_hello
    path = Path(__file__).parent.parent
NameError: name 'Path' is not defined
[2024-07-04T12:26:07.155+0000] {taskinstance.py:1400} INFO - Marking task as UP_FOR_RETRY. dag_id=reports_workflow, task_id=task_validate_submissions, execution_date=20240704T114000, start_date=20240704T122606, end_date=20240704T122607
[2024-07-04T12:26:07.169+0000] {standard_task_runner.py:104} ERROR - Failed to execute job 2726 for task task_validate_submissions (name 'Path' is not defined; 49589)
[2024-07-04T12:26:07.201+0000] {local_task_job_runner.py:228} INFO - Task exited with return code 1
[2024-07-04T12:26:07.235+0000] {taskinstance.py:2784} INFO - 0 downstream tasks scheduled from follow-on schedule check
