[2024-07-04T12:24:14.116+0000] {taskinstance.py:1159} INFO - Dependencies all met for dep_context=non-requeueable deps ti=<TaskInstance: reports_workflow.task_validate_submissions scheduled__2024-07-04T11:35:00+00:00 [queued]>
[2024-07-04T12:24:14.130+0000] {taskinstance.py:1159} INFO - Dependencies all met for dep_context=requeueable deps ti=<TaskInstance: reports_workflow.task_validate_submissions scheduled__2024-07-04T11:35:00+00:00 [queued]>
[2024-07-04T12:24:14.130+0000] {taskinstance.py:1361} INFO - Starting attempt 1 of 2
[2024-07-04T12:24:14.149+0000] {taskinstance.py:1382} INFO - Executing <Task(PythonOperator): task_validate_submissions> on 2024-07-04 11:35:00+00:00
[2024-07-04T12:24:14.154+0000] {standard_task_runner.py:57} INFO - Started process 49460 to run task
[2024-07-04T12:24:14.162+0000] {standard_task_runner.py:84} INFO - Running: ['***', 'tasks', 'run', 'reports_workflow', 'task_validate_submissions', 'scheduled__2024-07-04T11:35:00+00:00', '--job-id', '2696', '--raw', '--subdir', 'DAGS_FOLDER/dag_email_robot.py', '--cfg-path', '/tmp/tmpgg8j_zvb']
[2024-07-04T12:24:14.165+0000] {standard_task_runner.py:85} INFO - Job 2696: Subtask task_validate_submissions
[2024-07-04T12:24:14.245+0000] {task_command.py:415} INFO - Running <TaskInstance: reports_workflow.task_validate_submissions scheduled__2024-07-04T11:35:00+00:00 [running]> on host 6f4ef5488251
[2024-07-04T12:24:14.332+0000] {taskinstance.py:1660} INFO - Exporting env vars: AIRFLOW_CTX_DAG_OWNER='FIRDAVS' AIRFLOW_CTX_DAG_ID='reports_workflow' AIRFLOW_CTX_TASK_ID='task_validate_submissions' AIRFLOW_CTX_EXECUTION_DATE='2024-07-04T11:35:00+00:00' AIRFLOW_CTX_TRY_NUMBER='1' AIRFLOW_CTX_DAG_RUN_ID='scheduled__2024-07-04T11:35:00+00:00'
[2024-07-04T12:24:14.334+0000] {taskinstance.py:1943} ERROR - Task failed with exception
Traceback (most recent call last):
  File "/home/airflow/.local/lib/python3.8/site-packages/airflow/operators/python.py", line 192, in execute
    return_value = self.execute_callable()
  File "/home/airflow/.local/lib/python3.8/site-packages/airflow/operators/python.py", line 209, in execute_callable
    return self.python_callable(*self.op_args, **self.op_kwargs)
  File "/opt/airflow/dags/dag_email_robot.py", line 49, in validate_submissions
    get_hello()
  File "/opt/airflow/dags/validation_reports.py", line 17, in get_hello
    path = Path(__file__).parent.parent
NameError: name 'Path' is not defined
[2024-07-04T12:24:14.343+0000] {taskinstance.py:1400} INFO - Marking task as UP_FOR_RETRY. dag_id=reports_workflow, task_id=task_validate_submissions, execution_date=20240704T113500, start_date=20240704T122414, end_date=20240704T122414
[2024-07-04T12:24:14.354+0000] {standard_task_runner.py:104} ERROR - Failed to execute job 2696 for task task_validate_submissions (name 'Path' is not defined; 49460)
[2024-07-04T12:24:14.371+0000] {local_task_job_runner.py:228} INFO - Task exited with return code 1
[2024-07-04T12:24:14.388+0000] {taskinstance.py:2784} INFO - 0 downstream tasks scheduled from follow-on schedule check
[2024-07-04T12:26:06.430+0000] {taskinstance.py:1159} INFO - Dependencies all met for dep_context=non-requeueable deps ti=<TaskInstance: reports_workflow.task_validate_submissions scheduled__2024-07-04T11:35:00+00:00 [queued]>
[2024-07-04T12:26:06.537+0000] {taskinstance.py:1159} INFO - Dependencies all met for dep_context=requeueable deps ti=<TaskInstance: reports_workflow.task_validate_submissions scheduled__2024-07-04T11:35:00+00:00 [queued]>
[2024-07-04T12:26:06.537+0000] {taskinstance.py:1361} INFO - Starting attempt 1 of 2
[2024-07-04T12:26:06.626+0000] {taskinstance.py:1382} INFO - Executing <Task(PythonOperator): task_validate_submissions> on 2024-07-04 11:35:00+00:00
[2024-07-04T12:26:06.658+0000] {standard_task_runner.py:57} INFO - Started process 49586 to run task
[2024-07-04T12:26:06.700+0000] {standard_task_runner.py:84} INFO - Running: ['***', 'tasks', 'run', 'reports_workflow', 'task_validate_submissions', 'scheduled__2024-07-04T11:35:00+00:00', '--job-id', '2725', '--raw', '--subdir', 'DAGS_FOLDER/dag_email_robot.py', '--cfg-path', '/tmp/tmpwu2n7gsr']
[2024-07-04T12:26:06.704+0000] {standard_task_runner.py:85} INFO - Job 2725: Subtask task_validate_submissions
[2024-07-04T12:26:06.962+0000] {task_command.py:415} INFO - Running <TaskInstance: reports_workflow.task_validate_submissions scheduled__2024-07-04T11:35:00+00:00 [running]> on host 6f4ef5488251
[2024-07-04T12:26:07.278+0000] {taskinstance.py:1660} INFO - Exporting env vars: AIRFLOW_CTX_DAG_OWNER='FIRDAVS' AIRFLOW_CTX_DAG_ID='reports_workflow' AIRFLOW_CTX_TASK_ID='task_validate_submissions' AIRFLOW_CTX_EXECUTION_DATE='2024-07-04T11:35:00+00:00' AIRFLOW_CTX_TRY_NUMBER='1' AIRFLOW_CTX_DAG_RUN_ID='scheduled__2024-07-04T11:35:00+00:00'
[2024-07-04T12:26:07.280+0000] {taskinstance.py:1943} ERROR - Task failed with exception
Traceback (most recent call last):
  File "/home/airflow/.local/lib/python3.8/site-packages/airflow/operators/python.py", line 192, in execute
    return_value = self.execute_callable()
  File "/home/airflow/.local/lib/python3.8/site-packages/airflow/operators/python.py", line 209, in execute_callable
    return self.python_callable(*self.op_args, **self.op_kwargs)
  File "/opt/airflow/dags/dag_email_robot.py", line 49, in validate_submissions
    get_hello()
  File "/opt/airflow/dags/validation_reports.py", line 17, in get_hello
    path = Path(__file__).parent.parent
NameError: name 'Path' is not defined
[2024-07-04T12:26:07.307+0000] {taskinstance.py:1400} INFO - Marking task as UP_FOR_RETRY. dag_id=reports_workflow, task_id=task_validate_submissions, execution_date=20240704T113500, start_date=20240704T122606, end_date=20240704T122607
[2024-07-04T12:26:07.346+0000] {standard_task_runner.py:104} ERROR - Failed to execute job 2725 for task task_validate_submissions (name 'Path' is not defined; 49586)
[2024-07-04T12:26:07.358+0000] {local_task_job_runner.py:228} INFO - Task exited with return code 1
[2024-07-04T12:26:07.400+0000] {taskinstance.py:2784} INFO - 0 downstream tasks scheduled from follow-on schedule check
