[2024-07-04T12:24:12.851+0000] {taskinstance.py:1159} INFO - Dependencies all met for dep_context=non-requeueable deps ti=<TaskInstance: reports_workflow.task_validate_submissions scheduled__2024-07-04T11:25:00+00:00 [queued]>
[2024-07-04T12:24:12.888+0000] {taskinstance.py:1159} INFO - Dependencies all met for dep_context=requeueable deps ti=<TaskInstance: reports_workflow.task_validate_submissions scheduled__2024-07-04T11:25:00+00:00 [queued]>
[2024-07-04T12:24:12.889+0000] {taskinstance.py:1361} INFO - Starting attempt 1 of 2
[2024-07-04T12:24:12.954+0000] {taskinstance.py:1382} INFO - Executing <Task(PythonOperator): task_validate_submissions> on 2024-07-04 11:25:00+00:00
[2024-07-04T12:24:12.984+0000] {standard_task_runner.py:57} INFO - Started process 49454 to run task
[2024-07-04T12:24:13.013+0000] {standard_task_runner.py:84} INFO - Running: ['***', 'tasks', 'run', 'reports_workflow', 'task_validate_submissions', 'scheduled__2024-07-04T11:25:00+00:00', '--job-id', '2691', '--raw', '--subdir', 'DAGS_FOLDER/dag_email_robot.py', '--cfg-path', '/tmp/tmptnpozzmx']
[2024-07-04T12:24:13.045+0000] {standard_task_runner.py:85} INFO - Job 2691: Subtask task_validate_submissions
[2024-07-04T12:24:13.303+0000] {task_command.py:415} INFO - Running <TaskInstance: reports_workflow.task_validate_submissions scheduled__2024-07-04T11:25:00+00:00 [running]> on host 6f4ef5488251
[2024-07-04T12:24:13.864+0000] {taskinstance.py:1660} INFO - Exporting env vars: AIRFLOW_CTX_DAG_OWNER='FIRDAVS' AIRFLOW_CTX_DAG_ID='reports_workflow' AIRFLOW_CTX_TASK_ID='task_validate_submissions' AIRFLOW_CTX_EXECUTION_DATE='2024-07-04T11:25:00+00:00' AIRFLOW_CTX_TRY_NUMBER='1' AIRFLOW_CTX_DAG_RUN_ID='scheduled__2024-07-04T11:25:00+00:00'
[2024-07-04T12:24:13.866+0000] {taskinstance.py:1943} ERROR - Task failed with exception
Traceback (most recent call last):
  File "/home/airflow/.local/lib/python3.8/site-packages/airflow/operators/python.py", line 192, in execute
    return_value = self.execute_callable()
  File "/home/airflow/.local/lib/python3.8/site-packages/airflow/operators/python.py", line 209, in execute_callable
    return self.python_callable(*self.op_args, **self.op_kwargs)
  File "/opt/airflow/dags/dag_email_robot.py", line 49, in validate_submissions
    get_hello()
  File "/opt/airflow/dags/validation_reports.py", line 17, in get_hello
    path = Path(__file__).parent.parent
NameError: name 'Path' is not defined
[2024-07-04T12:24:13.888+0000] {taskinstance.py:1400} INFO - Marking task as UP_FOR_RETRY. dag_id=reports_workflow, task_id=task_validate_submissions, execution_date=20240704T112500, start_date=20240704T122412, end_date=20240704T122413
[2024-07-04T12:24:13.975+0000] {standard_task_runner.py:104} ERROR - Failed to execute job 2691 for task task_validate_submissions (name 'Path' is not defined; 49454)
[2024-07-04T12:24:14.017+0000] {local_task_job_runner.py:228} INFO - Task exited with return code 1
[2024-07-04T12:24:14.046+0000] {taskinstance.py:2784} INFO - 0 downstream tasks scheduled from follow-on schedule check
[2024-07-04T12:26:04.256+0000] {taskinstance.py:1159} INFO - Dependencies all met for dep_context=non-requeueable deps ti=<TaskInstance: reports_workflow.task_validate_submissions scheduled__2024-07-04T11:25:00+00:00 [queued]>
[2024-07-04T12:26:04.281+0000] {taskinstance.py:1159} INFO - Dependencies all met for dep_context=requeueable deps ti=<TaskInstance: reports_workflow.task_validate_submissions scheduled__2024-07-04T11:25:00+00:00 [queued]>
[2024-07-04T12:26:04.281+0000] {taskinstance.py:1361} INFO - Starting attempt 1 of 2
[2024-07-04T12:26:04.351+0000] {taskinstance.py:1382} INFO - Executing <Task(PythonOperator): task_validate_submissions> on 2024-07-04 11:25:00+00:00
[2024-07-04T12:26:04.357+0000] {standard_task_runner.py:57} INFO - Started process 49565 to run task
[2024-07-04T12:26:04.388+0000] {standard_task_runner.py:84} INFO - Running: ['***', 'tasks', 'run', 'reports_workflow', 'task_validate_submissions', 'scheduled__2024-07-04T11:25:00+00:00', '--job-id', '2720', '--raw', '--subdir', 'DAGS_FOLDER/dag_email_robot.py', '--cfg-path', '/tmp/tmp4xxwyba9']
[2024-07-04T12:26:04.446+0000] {standard_task_runner.py:85} INFO - Job 2720: Subtask task_validate_submissions
[2024-07-04T12:26:04.661+0000] {task_command.py:415} INFO - Running <TaskInstance: reports_workflow.task_validate_submissions scheduled__2024-07-04T11:25:00+00:00 [running]> on host 6f4ef5488251
[2024-07-04T12:26:04.846+0000] {taskinstance.py:1660} INFO - Exporting env vars: AIRFLOW_CTX_DAG_OWNER='FIRDAVS' AIRFLOW_CTX_DAG_ID='reports_workflow' AIRFLOW_CTX_TASK_ID='task_validate_submissions' AIRFLOW_CTX_EXECUTION_DATE='2024-07-04T11:25:00+00:00' AIRFLOW_CTX_TRY_NUMBER='1' AIRFLOW_CTX_DAG_RUN_ID='scheduled__2024-07-04T11:25:00+00:00'
[2024-07-04T12:26:04.850+0000] {taskinstance.py:1943} ERROR - Task failed with exception
Traceback (most recent call last):
  File "/home/airflow/.local/lib/python3.8/site-packages/airflow/operators/python.py", line 192, in execute
    return_value = self.execute_callable()
  File "/home/airflow/.local/lib/python3.8/site-packages/airflow/operators/python.py", line 209, in execute_callable
    return self.python_callable(*self.op_args, **self.op_kwargs)
  File "/opt/airflow/dags/dag_email_robot.py", line 49, in validate_submissions
    get_hello()
  File "/opt/airflow/dags/validation_reports.py", line 17, in get_hello
    path = Path(__file__).parent.parent
NameError: name 'Path' is not defined
[2024-07-04T12:26:04.871+0000] {taskinstance.py:1400} INFO - Marking task as UP_FOR_RETRY. dag_id=reports_workflow, task_id=task_validate_submissions, execution_date=20240704T112500, start_date=20240704T122604, end_date=20240704T122604
[2024-07-04T12:26:04.905+0000] {standard_task_runner.py:104} ERROR - Failed to execute job 2720 for task task_validate_submissions (name 'Path' is not defined; 49565)
[2024-07-04T12:26:04.957+0000] {local_task_job_runner.py:228} INFO - Task exited with return code 1
[2024-07-04T12:26:04.995+0000] {taskinstance.py:2784} INFO - 0 downstream tasks scheduled from follow-on schedule check
