[2024-07-04T12:21:12.118+0000] {taskinstance.py:1159} INFO - Dependencies all met for dep_context=non-requeueable deps ti=<TaskInstance: reports_workflow.task_validate_submissions scheduled__2024-07-04T12:15:00+00:00 [queued]>
[2024-07-04T12:21:12.125+0000] {taskinstance.py:1159} INFO - Dependencies all met for dep_context=requeueable deps ti=<TaskInstance: reports_workflow.task_validate_submissions scheduled__2024-07-04T12:15:00+00:00 [queued]>
[2024-07-04T12:21:12.126+0000] {taskinstance.py:1361} INFO - Starting attempt 1 of 2
[2024-07-04T12:21:12.138+0000] {taskinstance.py:1382} INFO - Executing <Task(PythonOperator): task_validate_submissions> on 2024-07-04 12:15:00+00:00
[2024-07-04T12:21:12.144+0000] {standard_task_runner.py:57} INFO - Started process 49370 to run task
[2024-07-04T12:21:12.152+0000] {standard_task_runner.py:84} INFO - Running: ['***', 'tasks', 'run', 'reports_workflow', 'task_validate_submissions', 'scheduled__2024-07-04T12:15:00+00:00', '--job-id', '2684', '--raw', '--subdir', 'DAGS_FOLDER/dag_email_robot.py', '--cfg-path', '/tmp/tmpxhmw9sa6']
[2024-07-04T12:21:12.155+0000] {standard_task_runner.py:85} INFO - Job 2684: Subtask task_validate_submissions
[2024-07-04T12:21:12.228+0000] {task_command.py:415} INFO - Running <TaskInstance: reports_workflow.task_validate_submissions scheduled__2024-07-04T12:15:00+00:00 [running]> on host 6f4ef5488251
[2024-07-04T12:21:12.307+0000] {taskinstance.py:1660} INFO - Exporting env vars: AIRFLOW_CTX_DAG_OWNER='FIRDAVS' AIRFLOW_CTX_DAG_ID='reports_workflow' AIRFLOW_CTX_TASK_ID='task_validate_submissions' AIRFLOW_CTX_EXECUTION_DATE='2024-07-04T12:15:00+00:00' AIRFLOW_CTX_TRY_NUMBER='1' AIRFLOW_CTX_DAG_RUN_ID='scheduled__2024-07-04T12:15:00+00:00'
[2024-07-04T12:21:12.309+0000] {taskinstance.py:1943} ERROR - Task failed with exception
Traceback (most recent call last):
  File "/home/airflow/.local/lib/python3.8/site-packages/airflow/operators/python.py", line 192, in execute
    return_value = self.execute_callable()
  File "/home/airflow/.local/lib/python3.8/site-packages/airflow/operators/python.py", line 209, in execute_callable
    return self.python_callable(*self.op_args, **self.op_kwargs)
  File "/opt/airflow/dags/dag_email_robot.py", line 49, in validate_submissions
    get_hello()
  File "/opt/airflow/dags/validation_reports.py", line 17, in get_hello
    path = Path(__file__).parent.parent
NameError: name 'Path' is not defined
[2024-07-04T12:21:12.316+0000] {taskinstance.py:1400} INFO - Marking task as UP_FOR_RETRY. dag_id=reports_workflow, task_id=task_validate_submissions, execution_date=20240704T121500, start_date=20240704T122112, end_date=20240704T122112
[2024-07-04T12:21:12.324+0000] {standard_task_runner.py:104} ERROR - Failed to execute job 2684 for task task_validate_submissions (name 'Path' is not defined; 49370)
[2024-07-04T12:21:12.360+0000] {local_task_job_runner.py:228} INFO - Task exited with return code 1
[2024-07-04T12:21:12.391+0000] {taskinstance.py:2784} INFO - 0 downstream tasks scheduled from follow-on schedule check
[2024-07-04T12:24:19.410+0000] {taskinstance.py:1159} INFO - Dependencies all met for dep_context=non-requeueable deps ti=<TaskInstance: reports_workflow.task_validate_submissions scheduled__2024-07-04T12:15:00+00:00 [queued]>
[2024-07-04T12:24:19.439+0000] {taskinstance.py:1159} INFO - Dependencies all met for dep_context=requeueable deps ti=<TaskInstance: reports_workflow.task_validate_submissions scheduled__2024-07-04T12:15:00+00:00 [queued]>
[2024-07-04T12:24:19.440+0000] {taskinstance.py:1361} INFO - Starting attempt 1 of 2
[2024-07-04T12:24:19.490+0000] {taskinstance.py:1382} INFO - Executing <Task(PythonOperator): task_validate_submissions> on 2024-07-04 12:15:00+00:00
[2024-07-04T12:24:19.496+0000] {standard_task_runner.py:57} INFO - Started process 49497 to run task
[2024-07-04T12:24:19.525+0000] {standard_task_runner.py:84} INFO - Running: ['***', 'tasks', 'run', 'reports_workflow', 'task_validate_submissions', 'scheduled__2024-07-04T12:15:00+00:00', '--job-id', '2705', '--raw', '--subdir', 'DAGS_FOLDER/dag_email_robot.py', '--cfg-path', '/tmp/tmpnu6296tn']
[2024-07-04T12:24:19.557+0000] {standard_task_runner.py:85} INFO - Job 2705: Subtask task_validate_submissions
[2024-07-04T12:24:19.943+0000] {task_command.py:415} INFO - Running <TaskInstance: reports_workflow.task_validate_submissions scheduled__2024-07-04T12:15:00+00:00 [running]> on host 6f4ef5488251
[2024-07-04T12:24:20.474+0000] {taskinstance.py:1660} INFO - Exporting env vars: AIRFLOW_CTX_DAG_OWNER='FIRDAVS' AIRFLOW_CTX_DAG_ID='reports_workflow' AIRFLOW_CTX_TASK_ID='task_validate_submissions' AIRFLOW_CTX_EXECUTION_DATE='2024-07-04T12:15:00+00:00' AIRFLOW_CTX_TRY_NUMBER='1' AIRFLOW_CTX_DAG_RUN_ID='scheduled__2024-07-04T12:15:00+00:00'
[2024-07-04T12:24:20.482+0000] {taskinstance.py:1943} ERROR - Task failed with exception
Traceback (most recent call last):
  File "/home/airflow/.local/lib/python3.8/site-packages/airflow/operators/python.py", line 192, in execute
    return_value = self.execute_callable()
  File "/home/airflow/.local/lib/python3.8/site-packages/airflow/operators/python.py", line 209, in execute_callable
    return self.python_callable(*self.op_args, **self.op_kwargs)
  File "/opt/airflow/dags/dag_email_robot.py", line 49, in validate_submissions
    get_hello()
  File "/opt/airflow/dags/validation_reports.py", line 17, in get_hello
    path = Path(__file__).parent.parent
NameError: name 'Path' is not defined
[2024-07-04T12:24:20.701+0000] {taskinstance.py:1400} INFO - Marking task as UP_FOR_RETRY. dag_id=reports_workflow, task_id=task_validate_submissions, execution_date=20240704T121500, start_date=20240704T122419, end_date=20240704T122420
[2024-07-04T12:24:20.727+0000] {standard_task_runner.py:104} ERROR - Failed to execute job 2705 for task task_validate_submissions (name 'Path' is not defined; 49497)
[2024-07-04T12:24:20.786+0000] {local_task_job_runner.py:228} INFO - Task exited with return code 1
[2024-07-04T12:24:20.929+0000] {taskinstance.py:2784} INFO - 0 downstream tasks scheduled from follow-on schedule check
[2024-07-04T12:26:14.396+0000] {taskinstance.py:1159} INFO - Dependencies all met for dep_context=non-requeueable deps ti=<TaskInstance: reports_workflow.task_validate_submissions scheduled__2024-07-04T12:15:00+00:00 [queued]>
[2024-07-04T12:26:14.453+0000] {taskinstance.py:1159} INFO - Dependencies all met for dep_context=requeueable deps ti=<TaskInstance: reports_workflow.task_validate_submissions scheduled__2024-07-04T12:15:00+00:00 [queued]>
[2024-07-04T12:26:14.453+0000] {taskinstance.py:1361} INFO - Starting attempt 1 of 2
[2024-07-04T12:26:14.533+0000] {taskinstance.py:1382} INFO - Executing <Task(PythonOperator): task_validate_submissions> on 2024-07-04 12:15:00+00:00
[2024-07-04T12:26:14.546+0000] {standard_task_runner.py:57} INFO - Started process 49645 to run task
[2024-07-04T12:26:14.602+0000] {standard_task_runner.py:84} INFO - Running: ['***', 'tasks', 'run', 'reports_workflow', 'task_validate_submissions', 'scheduled__2024-07-04T12:15:00+00:00', '--job-id', '2747', '--raw', '--subdir', 'DAGS_FOLDER/dag_email_robot.py', '--cfg-path', '/tmp/tmphvxc43qf']
[2024-07-04T12:26:14.609+0000] {standard_task_runner.py:85} INFO - Job 2747: Subtask task_validate_submissions
[2024-07-04T12:26:14.870+0000] {task_command.py:415} INFO - Running <TaskInstance: reports_workflow.task_validate_submissions scheduled__2024-07-04T12:15:00+00:00 [running]> on host 6f4ef5488251
[2024-07-04T12:26:15.118+0000] {taskinstance.py:1660} INFO - Exporting env vars: AIRFLOW_CTX_DAG_OWNER='FIRDAVS' AIRFLOW_CTX_DAG_ID='reports_workflow' AIRFLOW_CTX_TASK_ID='task_validate_submissions' AIRFLOW_CTX_EXECUTION_DATE='2024-07-04T12:15:00+00:00' AIRFLOW_CTX_TRY_NUMBER='1' AIRFLOW_CTX_DAG_RUN_ID='scheduled__2024-07-04T12:15:00+00:00'
[2024-07-04T12:26:15.120+0000] {taskinstance.py:1943} ERROR - Task failed with exception
Traceback (most recent call last):
  File "/home/airflow/.local/lib/python3.8/site-packages/airflow/operators/python.py", line 192, in execute
    return_value = self.execute_callable()
  File "/home/airflow/.local/lib/python3.8/site-packages/airflow/operators/python.py", line 209, in execute_callable
    return self.python_callable(*self.op_args, **self.op_kwargs)
  File "/opt/airflow/dags/dag_email_robot.py", line 49, in validate_submissions
    get_hello()
  File "/opt/airflow/dags/validation_reports.py", line 17, in get_hello
    path = Path(__file__).parent.parent
NameError: name 'Path' is not defined
[2024-07-04T12:26:15.136+0000] {taskinstance.py:1400} INFO - Marking task as UP_FOR_RETRY. dag_id=reports_workflow, task_id=task_validate_submissions, execution_date=20240704T121500, start_date=20240704T122614, end_date=20240704T122615
[2024-07-04T12:26:15.153+0000] {standard_task_runner.py:104} ERROR - Failed to execute job 2747 for task task_validate_submissions (name 'Path' is not defined; 49645)
[2024-07-04T12:26:15.183+0000] {local_task_job_runner.py:228} INFO - Task exited with return code 1
[2024-07-04T12:26:15.217+0000] {taskinstance.py:2784} INFO - 0 downstream tasks scheduled from follow-on schedule check
